<?xml version="1.0" encoding="UTF-8"?>
<!-- Generated by org.testng.reporters.JUnitReportReporter -->
<testsuite hostname="DESKTOP-IRDUS6I" failures="0" tests="1" name="CucumberRestAssured.AppTest" time="0.006" errors="0" timestamp="2023-11-26T23:53:06 IST" skipped="0">
  <testcase classname="CucumberRestAssured.AppTest" name="shouldAnswerWithTrue" time="0.006"/>
</testsuite> <!-- CucumberRestAssured.AppTest -->
